[0.023s] Invoking command in '/home/ubuntu/ros2_ws/build/grass_plane': /usr/bin/cmake /home/ubuntu/ros2_ws/src/gazebo_models/models/grass_plane -DCMAKE_INSTALL_PREFIX=/home/ubuntu/ros2_ws/install/grass_plane
[0.306s] -- The C compiler identification is GNU 11.4.0
[0.306s] -- The CXX compiler identification is GNU 11.4.0
[0.306s] -- Detecting C compiler ABI info
[0.307s] [33mCMake Warning (dev) in CMakeLists.txt:
[0.308s]   No project() command is present.  The top-level CMakeLists.txt file must
[0.309s]   contain a literal, direct call to the project() command.  Add a line of
[0.309s]   code such as
[0.309s] 
[0.309s]     project(ProjectName)
[0.309s] 
[0.311s]   near the top of the file, but after cmake_minimum_required().
[0.311s] 
[0.311s]   CMake is pretending there is a "project(Project)" command on the first
[0.311s]   line.
[0.312s] This warning is for project developers.  Use -Wno-dev to suppress it.
[0.312s] [0m
[0.413s] -- Detecting C compiler ABI info - done
[0.436s] -- Check for working C compiler: /usr/bin/cc - skipped
[0.436s] -- Detecting C compile features
[0.437s] -- Detecting C compile features - done
[0.448s] -- Detecting CXX compiler ABI info
[0.617s] -- Detecting CXX compiler ABI info - done
[0.639s] -- Check for working CXX compiler: /usr/bin/c++ - skipped
[0.640s] -- Detecting CXX compile features
[0.641s] -- Detecting CXX compile features - done
[0.646s] [33mCMake Warning (dev) in CMakeLists.txt:
[0.647s]   No cmake_minimum_required command is present.  A line of code such as
[0.647s] 
[0.647s]     cmake_minimum_required(VERSION 3.22)
[0.647s] 
[0.647s]   should be added at the top of the file.  The version specified may be lower
[0.647s]   if you wish to support older CMake versions for this project.  For more
[0.648s]   information run "cmake --help-policy CMP0000".
[0.648s] This warning is for project developers.  Use -Wno-dev to suppress it.
[0.648s] [0m
[0.648s] -- Configuring done
[0.655s] -- Generating done
[0.664s] -- Build files have been written to: /home/ubuntu/ros2_ws/build/grass_plane
[0.669s] Invoked command in '/home/ubuntu/ros2_ws/build/grass_plane' returned '0': /usr/bin/cmake /home/ubuntu/ros2_ws/src/gazebo_models/models/grass_plane -DCMAKE_INSTALL_PREFIX=/home/ubuntu/ros2_ws/install/grass_plane
[0.672s] Invoking command in '/home/ubuntu/ros2_ws/build/grass_plane': /usr/bin/cmake --build /home/ubuntu/ros2_ws/build/grass_plane -- -j128 -l128
[0.751s] Invoked command in '/home/ubuntu/ros2_ws/build/grass_plane' returned '0': /usr/bin/cmake --build /home/ubuntu/ros2_ws/build/grass_plane -- -j128 -l128
[0.774s] Invoking command in '/home/ubuntu/ros2_ws/build/grass_plane': /usr/bin/cmake --install /home/ubuntu/ros2_ws/build/grass_plane
[0.782s] -- Install configuration: ""
[0.783s] -- Installing: /home/ubuntu/ros2_ws/install/grass_plane/share/Project/gazebo_models/environments/grass_plane/model.config
[0.783s] -- Installing: /home/ubuntu/ros2_ws/install/grass_plane/share/Project/gazebo_models/environments/grass_plane/model.sdf
[0.784s] -- Installing: /home/ubuntu/ros2_ws/install/grass_plane/share/Project/gazebo_models/environments/grass_plane/materials/scripts/grass.material
[0.784s] -- Installing: /home/ubuntu/ros2_ws/install/grass_plane/share/Project/gazebo_models/environments/grass_plane/materials/textures/grass_dry.png
[0.787s] Invoked command in '/home/ubuntu/ros2_ws/build/grass_plane' returned '0': /usr/bin/cmake --install /home/ubuntu/ros2_ws/build/grass_plane
