/home/ubuntu/ros2_ws/install/pioneer3at_gz/lib/python3.10/site-packages/pioneer3at_gz/__init__.py
/home/ubuntu/ros2_ws/install/pioneer3at_gz/lib/python3.10/site-packages/pioneer3at_gz/obstacle_avoidance.py
/home/ubuntu/ros2_ws/install/pioneer3at_gz/lib/python3.10/site-packages/pioneer3at_gz/pioneer_controller.py
/home/ubuntu/ros2_ws/install/pioneer3at_gz/lib/python3.10/site-packages/pioneer3at_gz/yolo_detector.py
/home/ubuntu/ros2_ws/install/pioneer3at_gz/lib/python3.10/site-packages/fire_node/fire_model_loader.py
/home/ubuntu/ros2_ws/install/pioneer3at_gz/lib/python3.10/site-packages/fire_node/main.py
/home/ubuntu/ros2_ws/install/pioneer3at_gz/lib/python3.10/site-packages/fire_node/__init__.py
/home/ubuntu/ros2_ws/install/pioneer3at_gz/lib/python3.10/site-packages/fire_node/fire_detection_node_old.py
/home/ubuntu/ros2_ws/install/pioneer3at_gz/lib/python3.10/site-packages/fire_node/fire_detection_node.py
/home/ubuntu/ros2_ws/install/pioneer3at_gz/lib/python3.10/site-packages/pioneer3at_gz/__pycache__/__init__.cpython-310.pyc
/home/ubuntu/ros2_ws/install/pioneer3at_gz/lib/python3.10/site-packages/pioneer3at_gz/__pycache__/obstacle_avoidance.cpython-310.pyc
/home/ubuntu/ros2_ws/install/pioneer3at_gz/lib/python3.10/site-packages/pioneer3at_gz/__pycache__/pioneer_controller.cpython-310.pyc
/home/ubuntu/ros2_ws/install/pioneer3at_gz/lib/python3.10/site-packages/pioneer3at_gz/__pycache__/yolo_detector.cpython-310.pyc
/home/ubuntu/ros2_ws/install/pioneer3at_gz/lib/python3.10/site-packages/fire_node/__pycache__/fire_model_loader.cpython-310.pyc
/home/ubuntu/ros2_ws/install/pioneer3at_gz/lib/python3.10/site-packages/fire_node/__pycache__/main.cpython-310.pyc
/home/ubuntu/ros2_ws/install/pioneer3at_gz/lib/python3.10/site-packages/fire_node/__pycache__/__init__.cpython-310.pyc
/home/ubuntu/ros2_ws/install/pioneer3at_gz/lib/python3.10/site-packages/fire_node/__pycache__/fire_detection_node_old.cpython-310.pyc
/home/ubuntu/ros2_ws/install/pioneer3at_gz/lib/python3.10/site-packages/fire_node/__pycache__/fire_detection_node.cpython-310.pyc
/home/ubuntu/ros2_ws/install/pioneer3at_gz/share/pioneer3at_gz/launch/pioneer3at.launch.py
/home/ubuntu/ros2_ws/install/pioneer3at_gz/share/pioneer3at_gz/package.xml
/home/ubuntu/ros2_ws/install/pioneer3at_gz/lib/python3.10/site-packages/pioneer3at_gz-0.0.1-py3.10.egg-info/PKG-INFO
/home/ubuntu/ros2_ws/install/pioneer3at_gz/lib/python3.10/site-packages/pioneer3at_gz-0.0.1-py3.10.egg-info/zip-safe
/home/ubuntu/ros2_ws/install/pioneer3at_gz/lib/python3.10/site-packages/pioneer3at_gz-0.0.1-py3.10.egg-info/dependency_links.txt
/home/ubuntu/ros2_ws/install/pioneer3at_gz/lib/python3.10/site-packages/pioneer3at_gz-0.0.1-py3.10.egg-info/entry_points.txt
/home/ubuntu/ros2_ws/install/pioneer3at_gz/lib/python3.10/site-packages/pioneer3at_gz-0.0.1-py3.10.egg-info/requires.txt
/home/ubuntu/ros2_ws/install/pioneer3at_gz/lib/python3.10/site-packages/pioneer3at_gz-0.0.1-py3.10.egg-info/top_level.txt
/home/ubuntu/ros2_ws/install/pioneer3at_gz/lib/python3.10/site-packages/pioneer3at_gz-0.0.1-py3.10.egg-info/SOURCES.txt
/home/ubuntu/ros2_ws/install/pioneer3at_gz/lib/pioneer3at_gz/fire_detection
/home/ubuntu/ros2_ws/install/pioneer3at_gz/lib/pioneer3at_gz/pioneer_controller
