running egg_info
creating ../../build/pioneer3at_gz/pioneer3at_gz.egg-info
writing ../../build/pioneer3at_gz/pioneer3at_gz.egg-info/PKG-INFO
writing dependency_links to ../../build/pioneer3at_gz/pioneer3at_gz.egg-info/dependency_links.txt
writing entry points to ../../build/pioneer3at_gz/pioneer3at_gz.egg-info/entry_points.txt
writing requirements to ../../build/pioneer3at_gz/pioneer3at_gz.egg-info/requires.txt
writing top-level names to ../../build/pioneer3at_gz/pioneer3at_gz.egg-info/top_level.txt
writing manifest file '../../build/pioneer3at_gz/pioneer3at_gz.egg-info/SOURCES.txt'
reading manifest file '../../build/pioneer3at_gz/pioneer3at_gz.egg-info/SOURCES.txt'
writing manifest file '../../build/pioneer3at_gz/pioneer3at_gz.egg-info/SOURCES.txt'
running build
running build_py
creating /home/ubuntu/ros2_ws/build/pioneer3at_gz/build
creating /home/ubuntu/ros2_ws/build/pioneer3at_gz/build/lib
creating /home/ubuntu/ros2_ws/build/pioneer3at_gz/build/lib/pioneer3at_gz
copying ./pioneer3at_gz/__init__.py -> /home/ubuntu/ros2_ws/build/pioneer3at_gz/build/lib/pioneer3at_gz
copying ./pioneer3at_gz/obstacle_avoidance.py -> /home/ubuntu/ros2_ws/build/pioneer3at_gz/build/lib/pioneer3at_gz
copying ./pioneer3at_gz/pioneer_controller.py -> /home/ubuntu/ros2_ws/build/pioneer3at_gz/build/lib/pioneer3at_gz
copying ./pioneer3at_gz/yolo_detector.py -> /home/ubuntu/ros2_ws/build/pioneer3at_gz/build/lib/pioneer3at_gz
creating /home/ubuntu/ros2_ws/build/pioneer3at_gz/build/lib/fire_node
copying ./fire_node/fire_model_loader.py -> /home/ubuntu/ros2_ws/build/pioneer3at_gz/build/lib/fire_node
copying ./fire_node/main.py -> /home/ubuntu/ros2_ws/build/pioneer3at_gz/build/lib/fire_node
copying ./fire_node/__init__.py -> /home/ubuntu/ros2_ws/build/pioneer3at_gz/build/lib/fire_node
copying ./fire_node/fire_detection_node_old.py -> /home/ubuntu/ros2_ws/build/pioneer3at_gz/build/lib/fire_node
copying ./fire_node/fire_detection_node.py -> /home/ubuntu/ros2_ws/build/pioneer3at_gz/build/lib/fire_node
running install
running install_lib
creating /home/ubuntu/ros2_ws/install/pioneer3at_gz/lib/python3.10/site-packages/pioneer3at_gz
copying /home/ubuntu/ros2_ws/build/pioneer3at_gz/build/lib/pioneer3at_gz/__init__.py -> /home/ubuntu/ros2_ws/install/pioneer3at_gz/lib/python3.10/site-packages/pioneer3at_gz
copying /home/ubuntu/ros2_ws/build/pioneer3at_gz/build/lib/pioneer3at_gz/obstacle_avoidance.py -> /home/ubuntu/ros2_ws/install/pioneer3at_gz/lib/python3.10/site-packages/pioneer3at_gz
copying /home/ubuntu/ros2_ws/build/pioneer3at_gz/build/lib/pioneer3at_gz/pioneer_controller.py -> /home/ubuntu/ros2_ws/install/pioneer3at_gz/lib/python3.10/site-packages/pioneer3at_gz
copying /home/ubuntu/ros2_ws/build/pioneer3at_gz/build/lib/pioneer3at_gz/yolo_detector.py -> /home/ubuntu/ros2_ws/install/pioneer3at_gz/lib/python3.10/site-packages/pioneer3at_gz
creating /home/ubuntu/ros2_ws/install/pioneer3at_gz/lib/python3.10/site-packages/fire_node
copying /home/ubuntu/ros2_ws/build/pioneer3at_gz/build/lib/fire_node/fire_model_loader.py -> /home/ubuntu/ros2_ws/install/pioneer3at_gz/lib/python3.10/site-packages/fire_node
copying /home/ubuntu/ros2_ws/build/pioneer3at_gz/build/lib/fire_node/main.py -> /home/ubuntu/ros2_ws/install/pioneer3at_gz/lib/python3.10/site-packages/fire_node
copying /home/ubuntu/ros2_ws/build/pioneer3at_gz/build/lib/fire_node/__init__.py -> /home/ubuntu/ros2_ws/install/pioneer3at_gz/lib/python3.10/site-packages/fire_node
copying /home/ubuntu/ros2_ws/build/pioneer3at_gz/build/lib/fire_node/fire_detection_node_old.py -> /home/ubuntu/ros2_ws/install/pioneer3at_gz/lib/python3.10/site-packages/fire_node
copying /home/ubuntu/ros2_ws/build/pioneer3at_gz/build/lib/fire_node/fire_detection_node.py -> /home/ubuntu/ros2_ws/install/pioneer3at_gz/lib/python3.10/site-packages/fire_node
byte-compiling /home/ubuntu/ros2_ws/install/pioneer3at_gz/lib/python3.10/site-packages/pioneer3at_gz/__init__.py to __init__.cpython-310.pyc
byte-compiling /home/ubuntu/ros2_ws/install/pioneer3at_gz/lib/python3.10/site-packages/pioneer3at_gz/obstacle_avoidance.py to obstacle_avoidance.cpython-310.pyc
byte-compiling /home/ubuntu/ros2_ws/install/pioneer3at_gz/lib/python3.10/site-packages/pioneer3at_gz/pioneer_controller.py to pioneer_controller.cpython-310.pyc
byte-compiling /home/ubuntu/ros2_ws/install/pioneer3at_gz/lib/python3.10/site-packages/pioneer3at_gz/yolo_detector.py to yolo_detector.cpython-310.pyc
byte-compiling /home/ubuntu/ros2_ws/install/pioneer3at_gz/lib/python3.10/site-packages/fire_node/fire_model_loader.py to fire_model_loader.cpython-310.pyc
byte-compiling /home/ubuntu/ros2_ws/install/pioneer3at_gz/lib/python3.10/site-packages/fire_node/main.py to main.cpython-310.pyc
byte-compiling /home/ubuntu/ros2_ws/install/pioneer3at_gz/lib/python3.10/site-packages/fire_node/__init__.py to __init__.cpython-310.pyc
byte-compiling /home/ubuntu/ros2_ws/install/pioneer3at_gz/lib/python3.10/site-packages/fire_node/fire_detection_node_old.py to fire_detection_node_old.cpython-310.pyc
byte-compiling /home/ubuntu/ros2_ws/install/pioneer3at_gz/lib/python3.10/site-packages/fire_node/fire_detection_node.py to fire_detection_node.cpython-310.pyc
running install_data
creating /home/ubuntu/ros2_ws/install/pioneer3at_gz/share/pioneer3at_gz/launch
copying launch/pioneer3at.launch.py -> /home/ubuntu/ros2_ws/install/pioneer3at_gz/share/pioneer3at_gz/launch
copying package.xml -> /home/ubuntu/ros2_ws/install/pioneer3at_gz/share/pioneer3at_gz
running install_egg_info
Copying ../../build/pioneer3at_gz/pioneer3at_gz.egg-info to /home/ubuntu/ros2_ws/install/pioneer3at_gz/lib/python3.10/site-packages/pioneer3at_gz-0.0.1-py3.10.egg-info
running install_scripts
Installing fire_detection script to /home/ubuntu/ros2_ws/install/pioneer3at_gz/lib/pioneer3at_gz
Installing pioneer_controller script to /home/ubuntu/ros2_ws/install/pioneer3at_gz/lib/pioneer3at_gz
writing list of installed files to '/home/ubuntu/ros2_ws/build/pioneer3at_gz/install.log'
